   0  $accept : %entry% $end

   1  const : NUM
   2        | TRUE
   3        | FALSE
   4        | NIL

   5  prim1 : ADD1
   6        | SUB1
   7        | NOT
   8        | PRINT
   9        | ISBOOL
  10        | ISNUM
  11        | ISTUPLE
  12        | PRINTSTACK
  13        | THREAD
  14        | GET
  15        | START

  16  bindings : bind EQUAL expr
  17           | bind EQUAL expr COMMA bindings

  18  namebindings : namebind EQUAL expr
  19               | namebind EQUAL expr COMMA namebindings

  20  expr : LET bindings IN expr
  21       | LET REC namebindings IN expr
  22       | IF expr COLON expr ELSECOLON expr
  23       | BEGIN expr END
  24       | binop_expr SEMI expr
  25       | binop_expr

  26  exprs : expr
  27        | expr COMMA exprs

  28  tuple_expr : LPARENNOSPACE RPAREN
  29             | LPARENSPACE RPAREN
  30             | LPARENNOSPACE expr COMMA RPAREN
  31             | LPARENSPACE expr COMMA RPAREN
  32             | LPARENNOSPACE expr COMMA exprs RPAREN
  33             | LPARENSPACE expr COMMA exprs RPAREN

  34  id : ID

  35  prim2 : PLUS
  36        | MINUS
  37        | TIMES
  38        | AND
  39        | OR
  40        | GREATER
  41        | GREATEREQ
  42        | LESSSPACE
  43        | LESSEQ
  44        | EQEQ

  45  binop_expr : binop_expr prim2 binop_operand
  46             | binop_operand COLONEQ binop_expr
  47             | binop_operand

  48  binop_operand : prim1 LPARENNOSPACE expr RPAREN
  49                | tuple_expr
  50                | binop_operand LBRACK expr RBRACK
  51                | binop_operand LPARENNOSPACE exprs RPAREN
  52                | binop_operand LPARENNOSPACE RPAREN
  53                | LPARENSPACE expr RPAREN
  54                | LPARENNOSPACE expr RPAREN
  55                | LPARENNOSPACE LAMBDA LPARENNOSPACE binds RPAREN COLON expr RPAREN
  56                | LPARENNOSPACE LAMBDA LPARENSPACE binds RPAREN COLON expr RPAREN
  57                | LPARENNOSPACE LAMBDA COLON expr RPAREN
  58                | LPARENSPACE LAMBDA LPARENNOSPACE binds RPAREN COLON expr RPAREN
  59                | LPARENSPACE LAMBDA LPARENSPACE binds RPAREN COLON expr RPAREN
  60                | LPARENSPACE LAMBDA COLON expr RPAREN
  61                | const
  62                | id

  63  decl : DEF ID LPARENNOSPACE RPAREN COLON expr
  64       | DEF ID LPARENNOSPACE binds RPAREN COLON expr

  65  binds : bind
  66        | bind COMMA binds

  67  bind : namebind
  68       | blankbind
  69       | LPARENNOSPACE binds RPAREN
  70       | LPARENSPACE binds RPAREN

  71  blankbind : UNDERSCORE

  72  namebind : ID
  73           | SHADOW ID

  74  declgroup : decl
  75            | decl ANDDEF declgroup

  76  decls :
  77        | declgroup decls

  78  program : decls expr EOF

  79  %entry% : '\001' program

state 0
	$accept : . %entry% $end  (0)

	'\001'  shift 1
	.  error

	%entry%  goto 2


state 1
	%entry% : '\001' . program  (79)
	decls : .  (76)

	DEF  shift 3
	NUM  reduce 76
	ID  reduce 76
	ADD1  reduce 76
	SUB1  reduce 76
	LPARENSPACE  reduce 76
	LPARENNOSPACE  reduce 76
	LET  reduce 76
	IF  reduce 76
	PRINT  reduce 76
	PRINTSTACK  reduce 76
	TRUE  reduce 76
	FALSE  reduce 76
	ISBOOL  reduce 76
	ISNUM  reduce 76
	ISTUPLE  reduce 76
	NOT  reduce 76
	NIL  reduce 76
	BEGIN  reduce 76
	THREAD  reduce 76
	GET  reduce 76
	START  reduce 76

	program  goto 4
	decl  goto 5
	declgroup  goto 6
	decls  goto 7


state 2
	$accept : %entry% . $end  (0)

	$end  accept


state 3
	decl : DEF . ID LPARENNOSPACE RPAREN COLON expr  (63)
	decl : DEF . ID LPARENNOSPACE binds RPAREN COLON expr  (64)

	ID  shift 8
	.  error


state 4
	%entry% : '\001' program .  (79)

	.  reduce 79


state 5
	declgroup : decl .  (74)
	declgroup : decl . ANDDEF declgroup  (75)

	ANDDEF  shift 9
	NUM  reduce 74
	ID  reduce 74
	DEF  reduce 74
	ADD1  reduce 74
	SUB1  reduce 74
	LPARENSPACE  reduce 74
	LPARENNOSPACE  reduce 74
	LET  reduce 74
	IF  reduce 74
	PRINT  reduce 74
	PRINTSTACK  reduce 74
	TRUE  reduce 74
	FALSE  reduce 74
	ISBOOL  reduce 74
	ISNUM  reduce 74
	ISTUPLE  reduce 74
	NOT  reduce 74
	NIL  reduce 74
	BEGIN  reduce 74
	THREAD  reduce 74
	GET  reduce 74
	START  reduce 74


state 6
	decls : declgroup . decls  (77)
	decls : .  (76)

	DEF  shift 3
	NUM  reduce 76
	ID  reduce 76
	ADD1  reduce 76
	SUB1  reduce 76
	LPARENSPACE  reduce 76
	LPARENNOSPACE  reduce 76
	LET  reduce 76
	IF  reduce 76
	PRINT  reduce 76
	PRINTSTACK  reduce 76
	TRUE  reduce 76
	FALSE  reduce 76
	ISBOOL  reduce 76
	ISNUM  reduce 76
	ISTUPLE  reduce 76
	NOT  reduce 76
	NIL  reduce 76
	BEGIN  reduce 76
	THREAD  reduce 76
	GET  reduce 76
	START  reduce 76

	decl  goto 5
	declgroup  goto 6
	decls  goto 10


state 7
	program : decls . expr EOF  (78)

	NUM  shift 11
	ID  shift 12
	ADD1  shift 13
	SUB1  shift 14
	LPARENSPACE  shift 15
	LPARENNOSPACE  shift 16
	LET  shift 17
	IF  shift 18
	PRINT  shift 19
	PRINTSTACK  shift 20
	TRUE  shift 21
	FALSE  shift 22
	ISBOOL  shift 23
	ISNUM  shift 24
	ISTUPLE  shift 25
	NOT  shift 26
	NIL  shift 27
	BEGIN  shift 28
	THREAD  shift 29
	GET  shift 30
	START  shift 31
	.  error

	const  goto 32
	prim1  goto 33
	expr  goto 34
	binop_expr  goto 35
	tuple_expr  goto 36
	id  goto 37
	binop_operand  goto 38


state 8
	decl : DEF ID . LPARENNOSPACE RPAREN COLON expr  (63)
	decl : DEF ID . LPARENNOSPACE binds RPAREN COLON expr  (64)

	LPARENNOSPACE  shift 39
	.  error


state 9
	declgroup : decl ANDDEF . declgroup  (75)

	DEF  shift 3
	.  error

	decl  goto 5
	declgroup  goto 40


state 10
	decls : declgroup decls .  (77)

	.  reduce 77


state 11
	const : NUM .  (1)

	.  reduce 1


state 12
	id : ID .  (34)

	.  reduce 34


state 13
	prim1 : ADD1 .  (5)

	.  reduce 5


state 14
	prim1 : SUB1 .  (6)

	.  reduce 6


state 15
	tuple_expr : LPARENSPACE . RPAREN  (29)
	tuple_expr : LPARENSPACE . expr COMMA RPAREN  (31)
	tuple_expr : LPARENSPACE . expr COMMA exprs RPAREN  (33)
	binop_operand : LPARENSPACE . expr RPAREN  (53)
	binop_operand : LPARENSPACE . LAMBDA LPARENNOSPACE binds RPAREN COLON expr RPAREN  (58)
	binop_operand : LPARENSPACE . LAMBDA LPARENSPACE binds RPAREN COLON expr RPAREN  (59)
	binop_operand : LPARENSPACE . LAMBDA COLON expr RPAREN  (60)

	NUM  shift 11
	ID  shift 12
	ADD1  shift 13
	SUB1  shift 14
	LPARENSPACE  shift 15
	LPARENNOSPACE  shift 16
	RPAREN  shift 41
	LET  shift 17
	IF  shift 18
	PRINT  shift 19
	PRINTSTACK  shift 20
	TRUE  shift 21
	FALSE  shift 22
	ISBOOL  shift 23
	ISNUM  shift 24
	ISTUPLE  shift 25
	NOT  shift 26
	NIL  shift 27
	LAMBDA  shift 42
	BEGIN  shift 28
	THREAD  shift 29
	GET  shift 30
	START  shift 31
	.  error

	const  goto 32
	prim1  goto 33
	expr  goto 43
	binop_expr  goto 35
	tuple_expr  goto 36
	id  goto 37
	binop_operand  goto 38


state 16
	tuple_expr : LPARENNOSPACE . RPAREN  (28)
	tuple_expr : LPARENNOSPACE . expr COMMA RPAREN  (30)
	tuple_expr : LPARENNOSPACE . expr COMMA exprs RPAREN  (32)
	binop_operand : LPARENNOSPACE . expr RPAREN  (54)
	binop_operand : LPARENNOSPACE . LAMBDA LPARENNOSPACE binds RPAREN COLON expr RPAREN  (55)
	binop_operand : LPARENNOSPACE . LAMBDA LPARENSPACE binds RPAREN COLON expr RPAREN  (56)
	binop_operand : LPARENNOSPACE . LAMBDA COLON expr RPAREN  (57)

	NUM  shift 11
	ID  shift 12
	ADD1  shift 13
	SUB1  shift 14
	LPARENSPACE  shift 15
	LPARENNOSPACE  shift 16
	RPAREN  shift 44
	LET  shift 17
	IF  shift 18
	PRINT  shift 19
	PRINTSTACK  shift 20
	TRUE  shift 21
	FALSE  shift 22
	ISBOOL  shift 23
	ISNUM  shift 24
	ISTUPLE  shift 25
	NOT  shift 26
	NIL  shift 27
	LAMBDA  shift 45
	BEGIN  shift 28
	THREAD  shift 29
	GET  shift 30
	START  shift 31
	.  error

	const  goto 32
	prim1  goto 33
	expr  goto 46
	binop_expr  goto 35
	tuple_expr  goto 36
	id  goto 37
	binop_operand  goto 38


state 17
	expr : LET . bindings IN expr  (20)
	expr : LET . REC namebindings IN expr  (21)

	ID  shift 47
	LPARENSPACE  shift 48
	LPARENNOSPACE  shift 49
	SHADOW  shift 50
	REC  shift 51
	UNDERSCORE  shift 52
	.  error

	bindings  goto 53
	bind  goto 54
	namebind  goto 55
	blankbind  goto 56


state 18
	expr : IF . expr COLON expr ELSECOLON expr  (22)

	NUM  shift 11
	ID  shift 12
	ADD1  shift 13
	SUB1  shift 14
	LPARENSPACE  shift 15
	LPARENNOSPACE  shift 16
	LET  shift 17
	IF  shift 18
	PRINT  shift 19
	PRINTSTACK  shift 20
	TRUE  shift 21
	FALSE  shift 22
	ISBOOL  shift 23
	ISNUM  shift 24
	ISTUPLE  shift 25
	NOT  shift 26
	NIL  shift 27
	BEGIN  shift 28
	THREAD  shift 29
	GET  shift 30
	START  shift 31
	.  error

	const  goto 32
	prim1  goto 33
	expr  goto 57
	binop_expr  goto 35
	tuple_expr  goto 36
	id  goto 37
	binop_operand  goto 38


state 19
	prim1 : PRINT .  (8)

	.  reduce 8


state 20
	prim1 : PRINTSTACK .  (12)

	.  reduce 12


state 21
	const : TRUE .  (2)

	.  reduce 2


state 22
	const : FALSE .  (3)

	.  reduce 3


state 23
	prim1 : ISBOOL .  (9)

	.  reduce 9


state 24
	prim1 : ISNUM .  (10)

	.  reduce 10


state 25
	prim1 : ISTUPLE .  (11)

	.  reduce 11


state 26
	prim1 : NOT .  (7)

	.  reduce 7


state 27
	const : NIL .  (4)

	.  reduce 4


state 28
	expr : BEGIN . expr END  (23)

	NUM  shift 11
	ID  shift 12
	ADD1  shift 13
	SUB1  shift 14
	LPARENSPACE  shift 15
	LPARENNOSPACE  shift 16
	LET  shift 17
	IF  shift 18
	PRINT  shift 19
	PRINTSTACK  shift 20
	TRUE  shift 21
	FALSE  shift 22
	ISBOOL  shift 23
	ISNUM  shift 24
	ISTUPLE  shift 25
	NOT  shift 26
	NIL  shift 27
	BEGIN  shift 28
	THREAD  shift 29
	GET  shift 30
	START  shift 31
	.  error

	const  goto 32
	prim1  goto 33
	expr  goto 58
	binop_expr  goto 35
	tuple_expr  goto 36
	id  goto 37
	binop_operand  goto 38


state 29
	prim1 : THREAD .  (13)

	.  reduce 13


state 30
	prim1 : GET .  (14)

	.  reduce 14


state 31
	prim1 : START .  (15)

	.  reduce 15


state 32
	binop_operand : const .  (61)

	.  reduce 61


state 33
	binop_operand : prim1 . LPARENNOSPACE expr RPAREN  (48)

	LPARENNOSPACE  shift 59
	.  error


state 34
	program : decls expr . EOF  (78)

	EOF  shift 60
	.  error


state 35
	expr : binop_expr . SEMI expr  (24)
	expr : binop_expr .  (25)
	binop_expr : binop_expr . prim2 binop_operand  (45)

	PLUS  shift 61
	MINUS  shift 62
	TIMES  shift 63
	EQEQ  shift 64
	LESSSPACE  shift 65
	GREATER  shift 66
	LESSEQ  shift 67
	GREATEREQ  shift 68
	AND  shift 69
	OR  shift 70
	SEMI  shift 71
	NUM  reduce 25
	ID  reduce 25
	DEF  reduce 25
	ANDDEF  reduce 25
	ADD1  reduce 25
	SUB1  reduce 25
	LPARENSPACE  reduce 25
	LPARENNOSPACE  reduce 25
	RPAREN  reduce 25
	RBRACK  reduce 25
	LET  reduce 25
	IN  reduce 25
	COMMA  reduce 25
	IF  reduce 25
	COLON  reduce 25
	ELSECOLON  reduce 25
	EOF  reduce 25
	PRINT  reduce 25
	PRINTSTACK  reduce 25
	TRUE  reduce 25
	FALSE  reduce 25
	ISBOOL  reduce 25
	ISNUM  reduce 25
	ISTUPLE  reduce 25
	NOT  reduce 25
	NIL  reduce 25
	BEGIN  reduce 25
	END  reduce 25
	THREAD  reduce 25
	GET  reduce 25
	START  reduce 25

	prim2  goto 72


state 36
	binop_operand : tuple_expr .  (49)

	.  reduce 49


state 37
	binop_operand : id .  (62)

	.  reduce 62


state 38
	binop_expr : binop_operand . COLONEQ binop_expr  (46)
	binop_expr : binop_operand .  (47)
	binop_operand : binop_operand . LBRACK expr RBRACK  (50)
	binop_operand : binop_operand . LPARENNOSPACE exprs RPAREN  (51)
	binop_operand : binop_operand . LPARENNOSPACE RPAREN  (52)

	LPARENNOSPACE  shift 73
	LBRACK  shift 74
	COLONEQ  shift 75
	NUM  reduce 47
	ID  reduce 47
	DEF  reduce 47
	ANDDEF  reduce 47
	ADD1  reduce 47
	SUB1  reduce 47
	LPARENSPACE  reduce 47
	RPAREN  reduce 47
	RBRACK  reduce 47
	LET  reduce 47
	IN  reduce 47
	COMMA  reduce 47
	PLUS  reduce 47
	MINUS  reduce 47
	TIMES  reduce 47
	IF  reduce 47
	COLON  reduce 47
	ELSECOLON  reduce 47
	EOF  reduce 47
	PRINT  reduce 47
	PRINTSTACK  reduce 47
	TRUE  reduce 47
	FALSE  reduce 47
	ISBOOL  reduce 47
	ISNUM  reduce 47
	ISTUPLE  reduce 47
	EQEQ  reduce 47
	LESSSPACE  reduce 47
	GREATER  reduce 47
	LESSEQ  reduce 47
	GREATEREQ  reduce 47
	AND  reduce 47
	OR  reduce 47
	NOT  reduce 47
	SEMI  reduce 47
	NIL  reduce 47
	BEGIN  reduce 47
	END  reduce 47
	THREAD  reduce 47
	GET  reduce 47
	START  reduce 47


state 39
	decl : DEF ID LPARENNOSPACE . RPAREN COLON expr  (63)
	decl : DEF ID LPARENNOSPACE . binds RPAREN COLON expr  (64)

	ID  shift 47
	LPARENSPACE  shift 48
	LPARENNOSPACE  shift 49
	RPAREN  shift 76
	SHADOW  shift 50
	UNDERSCORE  shift 52
	.  error

	bind  goto 77
	namebind  goto 55
	binds  goto 78
	blankbind  goto 56


state 40
	declgroup : decl ANDDEF declgroup .  (75)

	.  reduce 75


state 41
	tuple_expr : LPARENSPACE RPAREN .  (29)

	.  reduce 29


state 42
	binop_operand : LPARENSPACE LAMBDA . LPARENNOSPACE binds RPAREN COLON expr RPAREN  (58)
	binop_operand : LPARENSPACE LAMBDA . LPARENSPACE binds RPAREN COLON expr RPAREN  (59)
	binop_operand : LPARENSPACE LAMBDA . COLON expr RPAREN  (60)

	LPARENSPACE  shift 79
	LPARENNOSPACE  shift 80
	COLON  shift 81
	.  error


state 43
	tuple_expr : LPARENSPACE expr . COMMA RPAREN  (31)
	tuple_expr : LPARENSPACE expr . COMMA exprs RPAREN  (33)
	binop_operand : LPARENSPACE expr . RPAREN  (53)

	RPAREN  shift 82
	COMMA  shift 83
	.  error


state 44
	tuple_expr : LPARENNOSPACE RPAREN .  (28)

	.  reduce 28


state 45
	binop_operand : LPARENNOSPACE LAMBDA . LPARENNOSPACE binds RPAREN COLON expr RPAREN  (55)
	binop_operand : LPARENNOSPACE LAMBDA . LPARENSPACE binds RPAREN COLON expr RPAREN  (56)
	binop_operand : LPARENNOSPACE LAMBDA . COLON expr RPAREN  (57)

	LPARENSPACE  shift 84
	LPARENNOSPACE  shift 85
	COLON  shift 86
	.  error


state 46
	tuple_expr : LPARENNOSPACE expr . COMMA RPAREN  (30)
	tuple_expr : LPARENNOSPACE expr . COMMA exprs RPAREN  (32)
	binop_operand : LPARENNOSPACE expr . RPAREN  (54)

	RPAREN  shift 87
	COMMA  shift 88
	.  error


state 47
	namebind : ID .  (72)

	.  reduce 72


state 48
	bind : LPARENSPACE . binds RPAREN  (70)

	ID  shift 47
	LPARENSPACE  shift 48
	LPARENNOSPACE  shift 49
	SHADOW  shift 50
	UNDERSCORE  shift 52
	.  error

	bind  goto 77
	namebind  goto 55
	binds  goto 89
	blankbind  goto 56


state 49
	bind : LPARENNOSPACE . binds RPAREN  (69)

	ID  shift 47
	LPARENSPACE  shift 48
	LPARENNOSPACE  shift 49
	SHADOW  shift 50
	UNDERSCORE  shift 52
	.  error

	bind  goto 77
	namebind  goto 55
	binds  goto 90
	blankbind  goto 56


state 50
	namebind : SHADOW . ID  (73)

	ID  shift 91
	.  error


state 51
	expr : LET REC . namebindings IN expr  (21)

	ID  shift 47
	SHADOW  shift 50
	.  error

	namebindings  goto 92
	namebind  goto 93


state 52
	blankbind : UNDERSCORE .  (71)

	.  reduce 71


state 53
	expr : LET bindings . IN expr  (20)

	IN  shift 94
	.  error


state 54
	bindings : bind . EQUAL expr  (16)
	bindings : bind . EQUAL expr COMMA bindings  (17)

	EQUAL  shift 95
	.  error


state 55
	bind : namebind .  (67)

	.  reduce 67


state 56
	bind : blankbind .  (68)

	.  reduce 68


state 57
	expr : IF expr . COLON expr ELSECOLON expr  (22)

	COLON  shift 96
	.  error


state 58
	expr : BEGIN expr . END  (23)

	END  shift 97
	.  error


state 59
	binop_operand : prim1 LPARENNOSPACE . expr RPAREN  (48)

	NUM  shift 11
	ID  shift 12
	ADD1  shift 13
	SUB1  shift 14
	LPARENSPACE  shift 15
	LPARENNOSPACE  shift 16
	LET  shift 17
	IF  shift 18
	PRINT  shift 19
	PRINTSTACK  shift 20
	TRUE  shift 21
	FALSE  shift 22
	ISBOOL  shift 23
	ISNUM  shift 24
	ISTUPLE  shift 25
	NOT  shift 26
	NIL  shift 27
	BEGIN  shift 28
	THREAD  shift 29
	GET  shift 30
	START  shift 31
	.  error

	const  goto 32
	prim1  goto 33
	expr  goto 98
	binop_expr  goto 35
	tuple_expr  goto 36
	id  goto 37
	binop_operand  goto 38


state 60
	program : decls expr EOF .  (78)

	.  reduce 78


state 61
	prim2 : PLUS .  (35)

	.  reduce 35


state 62
	prim2 : MINUS .  (36)

	.  reduce 36


state 63
	prim2 : TIMES .  (37)

	.  reduce 37


state 64
	prim2 : EQEQ .  (44)

	.  reduce 44


state 65
	prim2 : LESSSPACE .  (42)

	.  reduce 42


state 66
	prim2 : GREATER .  (40)

	.  reduce 40


state 67
	prim2 : LESSEQ .  (43)

	.  reduce 43


state 68
	prim2 : GREATEREQ .  (41)

	.  reduce 41


state 69
	prim2 : AND .  (38)

	.  reduce 38


state 70
	prim2 : OR .  (39)

	.  reduce 39


state 71
	expr : binop_expr SEMI . expr  (24)

	NUM  shift 11
	ID  shift 12
	ADD1  shift 13
	SUB1  shift 14
	LPARENSPACE  shift 15
	LPARENNOSPACE  shift 16
	LET  shift 17
	IF  shift 18
	PRINT  shift 19
	PRINTSTACK  shift 20
	TRUE  shift 21
	FALSE  shift 22
	ISBOOL  shift 23
	ISNUM  shift 24
	ISTUPLE  shift 25
	NOT  shift 26
	NIL  shift 27
	BEGIN  shift 28
	THREAD  shift 29
	GET  shift 30
	START  shift 31
	.  error

	const  goto 32
	prim1  goto 33
	expr  goto 99
	binop_expr  goto 35
	tuple_expr  goto 36
	id  goto 37
	binop_operand  goto 38


state 72
	binop_expr : binop_expr prim2 . binop_operand  (45)

	NUM  shift 11
	ID  shift 12
	ADD1  shift 13
	SUB1  shift 14
	LPARENSPACE  shift 15
	LPARENNOSPACE  shift 16
	PRINT  shift 19
	PRINTSTACK  shift 20
	TRUE  shift 21
	FALSE  shift 22
	ISBOOL  shift 23
	ISNUM  shift 24
	ISTUPLE  shift 25
	NOT  shift 26
	NIL  shift 27
	THREAD  shift 29
	GET  shift 30
	START  shift 31
	.  error

	const  goto 32
	prim1  goto 33
	tuple_expr  goto 36
	id  goto 37
	binop_operand  goto 100


state 73
	binop_operand : binop_operand LPARENNOSPACE . exprs RPAREN  (51)
	binop_operand : binop_operand LPARENNOSPACE . RPAREN  (52)

	NUM  shift 11
	ID  shift 12
	ADD1  shift 13
	SUB1  shift 14
	LPARENSPACE  shift 15
	LPARENNOSPACE  shift 16
	RPAREN  shift 101
	LET  shift 17
	IF  shift 18
	PRINT  shift 19
	PRINTSTACK  shift 20
	TRUE  shift 21
	FALSE  shift 22
	ISBOOL  shift 23
	ISNUM  shift 24
	ISTUPLE  shift 25
	NOT  shift 26
	NIL  shift 27
	BEGIN  shift 28
	THREAD  shift 29
	GET  shift 30
	START  shift 31
	.  error

	const  goto 32
	prim1  goto 33
	expr  goto 102
	binop_expr  goto 35
	exprs  goto 103
	tuple_expr  goto 36
	id  goto 37
	binop_operand  goto 38


state 74
	binop_operand : binop_operand LBRACK . expr RBRACK  (50)

	NUM  shift 11
	ID  shift 12
	ADD1  shift 13
	SUB1  shift 14
	LPARENSPACE  shift 15
	LPARENNOSPACE  shift 16
	LET  shift 17
	IF  shift 18
	PRINT  shift 19
	PRINTSTACK  shift 20
	TRUE  shift 21
	FALSE  shift 22
	ISBOOL  shift 23
	ISNUM  shift 24
	ISTUPLE  shift 25
	NOT  shift 26
	NIL  shift 27
	BEGIN  shift 28
	THREAD  shift 29
	GET  shift 30
	START  shift 31
	.  error

	const  goto 32
	prim1  goto 33
	expr  goto 104
	binop_expr  goto 35
	tuple_expr  goto 36
	id  goto 37
	binop_operand  goto 38


state 75
	binop_expr : binop_operand COLONEQ . binop_expr  (46)

	NUM  shift 11
	ID  shift 12
	ADD1  shift 13
	SUB1  shift 14
	LPARENSPACE  shift 15
	LPARENNOSPACE  shift 16
	PRINT  shift 19
	PRINTSTACK  shift 20
	TRUE  shift 21
	FALSE  shift 22
	ISBOOL  shift 23
	ISNUM  shift 24
	ISTUPLE  shift 25
	NOT  shift 26
	NIL  shift 27
	THREAD  shift 29
	GET  shift 30
	START  shift 31
	.  error

	const  goto 32
	prim1  goto 33
	binop_expr  goto 105
	tuple_expr  goto 36
	id  goto 37
	binop_operand  goto 38


state 76
	decl : DEF ID LPARENNOSPACE RPAREN . COLON expr  (63)

	COLON  shift 106
	.  error


state 77
	binds : bind .  (65)
	binds : bind . COMMA binds  (66)

	COMMA  shift 107
	RPAREN  reduce 65


state 78
	decl : DEF ID LPARENNOSPACE binds . RPAREN COLON expr  (64)

	RPAREN  shift 108
	.  error


state 79
	binop_operand : LPARENSPACE LAMBDA LPARENSPACE . binds RPAREN COLON expr RPAREN  (59)

	ID  shift 47
	LPARENSPACE  shift 48
	LPARENNOSPACE  shift 49
	SHADOW  shift 50
	UNDERSCORE  shift 52
	.  error

	bind  goto 77
	namebind  goto 55
	binds  goto 109
	blankbind  goto 56


state 80
	binop_operand : LPARENSPACE LAMBDA LPARENNOSPACE . binds RPAREN COLON expr RPAREN  (58)

	ID  shift 47
	LPARENSPACE  shift 48
	LPARENNOSPACE  shift 49
	SHADOW  shift 50
	UNDERSCORE  shift 52
	.  error

	bind  goto 77
	namebind  goto 55
	binds  goto 110
	blankbind  goto 56


state 81
	binop_operand : LPARENSPACE LAMBDA COLON . expr RPAREN  (60)

	NUM  shift 11
	ID  shift 12
	ADD1  shift 13
	SUB1  shift 14
	LPARENSPACE  shift 15
	LPARENNOSPACE  shift 16
	LET  shift 17
	IF  shift 18
	PRINT  shift 19
	PRINTSTACK  shift 20
	TRUE  shift 21
	FALSE  shift 22
	ISBOOL  shift 23
	ISNUM  shift 24
	ISTUPLE  shift 25
	NOT  shift 26
	NIL  shift 27
	BEGIN  shift 28
	THREAD  shift 29
	GET  shift 30
	START  shift 31
	.  error

	const  goto 32
	prim1  goto 33
	expr  goto 111
	binop_expr  goto 35
	tuple_expr  goto 36
	id  goto 37
	binop_operand  goto 38


state 82
	binop_operand : LPARENSPACE expr RPAREN .  (53)

	.  reduce 53


state 83
	tuple_expr : LPARENSPACE expr COMMA . RPAREN  (31)
	tuple_expr : LPARENSPACE expr COMMA . exprs RPAREN  (33)

	NUM  shift 11
	ID  shift 12
	ADD1  shift 13
	SUB1  shift 14
	LPARENSPACE  shift 15
	LPARENNOSPACE  shift 16
	RPAREN  shift 112
	LET  shift 17
	IF  shift 18
	PRINT  shift 19
	PRINTSTACK  shift 20
	TRUE  shift 21
	FALSE  shift 22
	ISBOOL  shift 23
	ISNUM  shift 24
	ISTUPLE  shift 25
	NOT  shift 26
	NIL  shift 27
	BEGIN  shift 28
	THREAD  shift 29
	GET  shift 30
	START  shift 31
	.  error

	const  goto 32
	prim1  goto 33
	expr  goto 102
	binop_expr  goto 35
	exprs  goto 113
	tuple_expr  goto 36
	id  goto 37
	binop_operand  goto 38


state 84
	binop_operand : LPARENNOSPACE LAMBDA LPARENSPACE . binds RPAREN COLON expr RPAREN  (56)

	ID  shift 47
	LPARENSPACE  shift 48
	LPARENNOSPACE  shift 49
	SHADOW  shift 50
	UNDERSCORE  shift 52
	.  error

	bind  goto 77
	namebind  goto 55
	binds  goto 114
	blankbind  goto 56


state 85
	binop_operand : LPARENNOSPACE LAMBDA LPARENNOSPACE . binds RPAREN COLON expr RPAREN  (55)

	ID  shift 47
	LPARENSPACE  shift 48
	LPARENNOSPACE  shift 49
	SHADOW  shift 50
	UNDERSCORE  shift 52
	.  error

	bind  goto 77
	namebind  goto 55
	binds  goto 115
	blankbind  goto 56


state 86
	binop_operand : LPARENNOSPACE LAMBDA COLON . expr RPAREN  (57)

	NUM  shift 11
	ID  shift 12
	ADD1  shift 13
	SUB1  shift 14
	LPARENSPACE  shift 15
	LPARENNOSPACE  shift 16
	LET  shift 17
	IF  shift 18
	PRINT  shift 19
	PRINTSTACK  shift 20
	TRUE  shift 21
	FALSE  shift 22
	ISBOOL  shift 23
	ISNUM  shift 24
	ISTUPLE  shift 25
	NOT  shift 26
	NIL  shift 27
	BEGIN  shift 28
	THREAD  shift 29
	GET  shift 30
	START  shift 31
	.  error

	const  goto 32
	prim1  goto 33
	expr  goto 116
	binop_expr  goto 35
	tuple_expr  goto 36
	id  goto 37
	binop_operand  goto 38


state 87
	binop_operand : LPARENNOSPACE expr RPAREN .  (54)

	.  reduce 54


state 88
	tuple_expr : LPARENNOSPACE expr COMMA . RPAREN  (30)
	tuple_expr : LPARENNOSPACE expr COMMA . exprs RPAREN  (32)

	NUM  shift 11
	ID  shift 12
	ADD1  shift 13
	SUB1  shift 14
	LPARENSPACE  shift 15
	LPARENNOSPACE  shift 16
	RPAREN  shift 117
	LET  shift 17
	IF  shift 18
	PRINT  shift 19
	PRINTSTACK  shift 20
	TRUE  shift 21
	FALSE  shift 22
	ISBOOL  shift 23
	ISNUM  shift 24
	ISTUPLE  shift 25
	NOT  shift 26
	NIL  shift 27
	BEGIN  shift 28
	THREAD  shift 29
	GET  shift 30
	START  shift 31
	.  error

	const  goto 32
	prim1  goto 33
	expr  goto 102
	binop_expr  goto 35
	exprs  goto 118
	tuple_expr  goto 36
	id  goto 37
	binop_operand  goto 38


state 89
	bind : LPARENSPACE binds . RPAREN  (70)

	RPAREN  shift 119
	.  error


state 90
	bind : LPARENNOSPACE binds . RPAREN  (69)

	RPAREN  shift 120
	.  error


state 91
	namebind : SHADOW ID .  (73)

	.  reduce 73


state 92
	expr : LET REC namebindings . IN expr  (21)

	IN  shift 121
	.  error


state 93
	namebindings : namebind . EQUAL expr  (18)
	namebindings : namebind . EQUAL expr COMMA namebindings  (19)

	EQUAL  shift 122
	.  error


state 94
	expr : LET bindings IN . expr  (20)

	NUM  shift 11
	ID  shift 12
	ADD1  shift 13
	SUB1  shift 14
	LPARENSPACE  shift 15
	LPARENNOSPACE  shift 16
	LET  shift 17
	IF  shift 18
	PRINT  shift 19
	PRINTSTACK  shift 20
	TRUE  shift 21
	FALSE  shift 22
	ISBOOL  shift 23
	ISNUM  shift 24
	ISTUPLE  shift 25
	NOT  shift 26
	NIL  shift 27
	BEGIN  shift 28
	THREAD  shift 29
	GET  shift 30
	START  shift 31
	.  error

	const  goto 32
	prim1  goto 33
	expr  goto 123
	binop_expr  goto 35
	tuple_expr  goto 36
	id  goto 37
	binop_operand  goto 38


state 95
	bindings : bind EQUAL . expr  (16)
	bindings : bind EQUAL . expr COMMA bindings  (17)

	NUM  shift 11
	ID  shift 12
	ADD1  shift 13
	SUB1  shift 14
	LPARENSPACE  shift 15
	LPARENNOSPACE  shift 16
	LET  shift 17
	IF  shift 18
	PRINT  shift 19
	PRINTSTACK  shift 20
	TRUE  shift 21
	FALSE  shift 22
	ISBOOL  shift 23
	ISNUM  shift 24
	ISTUPLE  shift 25
	NOT  shift 26
	NIL  shift 27
	BEGIN  shift 28
	THREAD  shift 29
	GET  shift 30
	START  shift 31
	.  error

	const  goto 32
	prim1  goto 33
	expr  goto 124
	binop_expr  goto 35
	tuple_expr  goto 36
	id  goto 37
	binop_operand  goto 38


state 96
	expr : IF expr COLON . expr ELSECOLON expr  (22)

	NUM  shift 11
	ID  shift 12
	ADD1  shift 13
	SUB1  shift 14
	LPARENSPACE  shift 15
	LPARENNOSPACE  shift 16
	LET  shift 17
	IF  shift 18
	PRINT  shift 19
	PRINTSTACK  shift 20
	TRUE  shift 21
	FALSE  shift 22
	ISBOOL  shift 23
	ISNUM  shift 24
	ISTUPLE  shift 25
	NOT  shift 26
	NIL  shift 27
	BEGIN  shift 28
	THREAD  shift 29
	GET  shift 30
	START  shift 31
	.  error

	const  goto 32
	prim1  goto 33
	expr  goto 125
	binop_expr  goto 35
	tuple_expr  goto 36
	id  goto 37
	binop_operand  goto 38


state 97
	expr : BEGIN expr END .  (23)

	.  reduce 23


state 98
	binop_operand : prim1 LPARENNOSPACE expr . RPAREN  (48)

	RPAREN  shift 126
	.  error


state 99
	expr : binop_expr SEMI expr .  (24)

	.  reduce 24


state 100
	binop_expr : binop_expr prim2 binop_operand .  (45)
	binop_operand : binop_operand . LBRACK expr RBRACK  (50)
	binop_operand : binop_operand . LPARENNOSPACE exprs RPAREN  (51)
	binop_operand : binop_operand . LPARENNOSPACE RPAREN  (52)

	LPARENNOSPACE  shift 73
	LBRACK  shift 74
	NUM  reduce 45
	ID  reduce 45
	DEF  reduce 45
	ANDDEF  reduce 45
	ADD1  reduce 45
	SUB1  reduce 45
	LPARENSPACE  reduce 45
	RPAREN  reduce 45
	RBRACK  reduce 45
	LET  reduce 45
	IN  reduce 45
	COMMA  reduce 45
	PLUS  reduce 45
	MINUS  reduce 45
	TIMES  reduce 45
	IF  reduce 45
	COLON  reduce 45
	ELSECOLON  reduce 45
	EOF  reduce 45
	PRINT  reduce 45
	PRINTSTACK  reduce 45
	TRUE  reduce 45
	FALSE  reduce 45
	ISBOOL  reduce 45
	ISNUM  reduce 45
	ISTUPLE  reduce 45
	EQEQ  reduce 45
	LESSSPACE  reduce 45
	GREATER  reduce 45
	LESSEQ  reduce 45
	GREATEREQ  reduce 45
	AND  reduce 45
	OR  reduce 45
	NOT  reduce 45
	SEMI  reduce 45
	NIL  reduce 45
	BEGIN  reduce 45
	END  reduce 45
	THREAD  reduce 45
	GET  reduce 45
	START  reduce 45


state 101
	binop_operand : binop_operand LPARENNOSPACE RPAREN .  (52)

	.  reduce 52


state 102
	exprs : expr .  (26)
	exprs : expr . COMMA exprs  (27)

	COMMA  shift 127
	RPAREN  reduce 26


state 103
	binop_operand : binop_operand LPARENNOSPACE exprs . RPAREN  (51)

	RPAREN  shift 128
	.  error


state 104
	binop_operand : binop_operand LBRACK expr . RBRACK  (50)

	RBRACK  shift 129
	.  error


state 105
	binop_expr : binop_expr . prim2 binop_operand  (45)
	binop_expr : binop_operand COLONEQ binop_expr .  (46)

	PLUS  shift 61
	MINUS  shift 62
	TIMES  shift 63
	EQEQ  shift 64
	LESSSPACE  shift 65
	GREATER  shift 66
	LESSEQ  shift 67
	GREATEREQ  shift 68
	AND  shift 69
	OR  shift 70
	NUM  reduce 46
	ID  reduce 46
	DEF  reduce 46
	ANDDEF  reduce 46
	ADD1  reduce 46
	SUB1  reduce 46
	LPARENSPACE  reduce 46
	LPARENNOSPACE  reduce 46
	RPAREN  reduce 46
	RBRACK  reduce 46
	LET  reduce 46
	IN  reduce 46
	COMMA  reduce 46
	IF  reduce 46
	COLON  reduce 46
	ELSECOLON  reduce 46
	EOF  reduce 46
	PRINT  reduce 46
	PRINTSTACK  reduce 46
	TRUE  reduce 46
	FALSE  reduce 46
	ISBOOL  reduce 46
	ISNUM  reduce 46
	ISTUPLE  reduce 46
	NOT  reduce 46
	SEMI  reduce 46
	NIL  reduce 46
	BEGIN  reduce 46
	END  reduce 46
	THREAD  reduce 46
	GET  reduce 46
	START  reduce 46

	prim2  goto 72


state 106
	decl : DEF ID LPARENNOSPACE RPAREN COLON . expr  (63)

	NUM  shift 11
	ID  shift 12
	ADD1  shift 13
	SUB1  shift 14
	LPARENSPACE  shift 15
	LPARENNOSPACE  shift 16
	LET  shift 17
	IF  shift 18
	PRINT  shift 19
	PRINTSTACK  shift 20
	TRUE  shift 21
	FALSE  shift 22
	ISBOOL  shift 23
	ISNUM  shift 24
	ISTUPLE  shift 25
	NOT  shift 26
	NIL  shift 27
	BEGIN  shift 28
	THREAD  shift 29
	GET  shift 30
	START  shift 31
	.  error

	const  goto 32
	prim1  goto 33
	expr  goto 130
	binop_expr  goto 35
	tuple_expr  goto 36
	id  goto 37
	binop_operand  goto 38


state 107
	binds : bind COMMA . binds  (66)

	ID  shift 47
	LPARENSPACE  shift 48
	LPARENNOSPACE  shift 49
	SHADOW  shift 50
	UNDERSCORE  shift 52
	.  error

	bind  goto 77
	namebind  goto 55
	binds  goto 131
	blankbind  goto 56


state 108
	decl : DEF ID LPARENNOSPACE binds RPAREN . COLON expr  (64)

	COLON  shift 132
	.  error


state 109
	binop_operand : LPARENSPACE LAMBDA LPARENSPACE binds . RPAREN COLON expr RPAREN  (59)

	RPAREN  shift 133
	.  error


state 110
	binop_operand : LPARENSPACE LAMBDA LPARENNOSPACE binds . RPAREN COLON expr RPAREN  (58)

	RPAREN  shift 134
	.  error


state 111
	binop_operand : LPARENSPACE LAMBDA COLON expr . RPAREN  (60)

	RPAREN  shift 135
	.  error


state 112
	tuple_expr : LPARENSPACE expr COMMA RPAREN .  (31)

	.  reduce 31


state 113
	tuple_expr : LPARENSPACE expr COMMA exprs . RPAREN  (33)

	RPAREN  shift 136
	.  error


state 114
	binop_operand : LPARENNOSPACE LAMBDA LPARENSPACE binds . RPAREN COLON expr RPAREN  (56)

	RPAREN  shift 137
	.  error


state 115
	binop_operand : LPARENNOSPACE LAMBDA LPARENNOSPACE binds . RPAREN COLON expr RPAREN  (55)

	RPAREN  shift 138
	.  error


state 116
	binop_operand : LPARENNOSPACE LAMBDA COLON expr . RPAREN  (57)

	RPAREN  shift 139
	.  error


state 117
	tuple_expr : LPARENNOSPACE expr COMMA RPAREN .  (30)

	.  reduce 30


state 118
	tuple_expr : LPARENNOSPACE expr COMMA exprs . RPAREN  (32)

	RPAREN  shift 140
	.  error


state 119
	bind : LPARENSPACE binds RPAREN .  (70)

	.  reduce 70


state 120
	bind : LPARENNOSPACE binds RPAREN .  (69)

	.  reduce 69


state 121
	expr : LET REC namebindings IN . expr  (21)

	NUM  shift 11
	ID  shift 12
	ADD1  shift 13
	SUB1  shift 14
	LPARENSPACE  shift 15
	LPARENNOSPACE  shift 16
	LET  shift 17
	IF  shift 18
	PRINT  shift 19
	PRINTSTACK  shift 20
	TRUE  shift 21
	FALSE  shift 22
	ISBOOL  shift 23
	ISNUM  shift 24
	ISTUPLE  shift 25
	NOT  shift 26
	NIL  shift 27
	BEGIN  shift 28
	THREAD  shift 29
	GET  shift 30
	START  shift 31
	.  error

	const  goto 32
	prim1  goto 33
	expr  goto 141
	binop_expr  goto 35
	tuple_expr  goto 36
	id  goto 37
	binop_operand  goto 38


state 122
	namebindings : namebind EQUAL . expr  (18)
	namebindings : namebind EQUAL . expr COMMA namebindings  (19)

	NUM  shift 11
	ID  shift 12
	ADD1  shift 13
	SUB1  shift 14
	LPARENSPACE  shift 15
	LPARENNOSPACE  shift 16
	LET  shift 17
	IF  shift 18
	PRINT  shift 19
	PRINTSTACK  shift 20
	TRUE  shift 21
	FALSE  shift 22
	ISBOOL  shift 23
	ISNUM  shift 24
	ISTUPLE  shift 25
	NOT  shift 26
	NIL  shift 27
	BEGIN  shift 28
	THREAD  shift 29
	GET  shift 30
	START  shift 31
	.  error

	const  goto 32
	prim1  goto 33
	expr  goto 142
	binop_expr  goto 35
	tuple_expr  goto 36
	id  goto 37
	binop_operand  goto 38


state 123
	expr : LET bindings IN expr .  (20)

	.  reduce 20


state 124
	bindings : bind EQUAL expr .  (16)
	bindings : bind EQUAL expr . COMMA bindings  (17)

	COMMA  shift 143
	IN  reduce 16


state 125
	expr : IF expr COLON expr . ELSECOLON expr  (22)

	ELSECOLON  shift 144
	.  error


state 126
	binop_operand : prim1 LPARENNOSPACE expr RPAREN .  (48)

	.  reduce 48


state 127
	exprs : expr COMMA . exprs  (27)

	NUM  shift 11
	ID  shift 12
	ADD1  shift 13
	SUB1  shift 14
	LPARENSPACE  shift 15
	LPARENNOSPACE  shift 16
	LET  shift 17
	IF  shift 18
	PRINT  shift 19
	PRINTSTACK  shift 20
	TRUE  shift 21
	FALSE  shift 22
	ISBOOL  shift 23
	ISNUM  shift 24
	ISTUPLE  shift 25
	NOT  shift 26
	NIL  shift 27
	BEGIN  shift 28
	THREAD  shift 29
	GET  shift 30
	START  shift 31
	.  error

	const  goto 32
	prim1  goto 33
	expr  goto 102
	binop_expr  goto 35
	exprs  goto 145
	tuple_expr  goto 36
	id  goto 37
	binop_operand  goto 38


state 128
	binop_operand : binop_operand LPARENNOSPACE exprs RPAREN .  (51)

	.  reduce 51


state 129
	binop_operand : binop_operand LBRACK expr RBRACK .  (50)

	.  reduce 50


state 130
	decl : DEF ID LPARENNOSPACE RPAREN COLON expr .  (63)

	.  reduce 63


state 131
	binds : bind COMMA binds .  (66)

	.  reduce 66


state 132
	decl : DEF ID LPARENNOSPACE binds RPAREN COLON . expr  (64)

	NUM  shift 11
	ID  shift 12
	ADD1  shift 13
	SUB1  shift 14
	LPARENSPACE  shift 15
	LPARENNOSPACE  shift 16
	LET  shift 17
	IF  shift 18
	PRINT  shift 19
	PRINTSTACK  shift 20
	TRUE  shift 21
	FALSE  shift 22
	ISBOOL  shift 23
	ISNUM  shift 24
	ISTUPLE  shift 25
	NOT  shift 26
	NIL  shift 27
	BEGIN  shift 28
	THREAD  shift 29
	GET  shift 30
	START  shift 31
	.  error

	const  goto 32
	prim1  goto 33
	expr  goto 146
	binop_expr  goto 35
	tuple_expr  goto 36
	id  goto 37
	binop_operand  goto 38


state 133
	binop_operand : LPARENSPACE LAMBDA LPARENSPACE binds RPAREN . COLON expr RPAREN  (59)

	COLON  shift 147
	.  error


state 134
	binop_operand : LPARENSPACE LAMBDA LPARENNOSPACE binds RPAREN . COLON expr RPAREN  (58)

	COLON  shift 148
	.  error


state 135
	binop_operand : LPARENSPACE LAMBDA COLON expr RPAREN .  (60)

	.  reduce 60


state 136
	tuple_expr : LPARENSPACE expr COMMA exprs RPAREN .  (33)

	.  reduce 33


state 137
	binop_operand : LPARENNOSPACE LAMBDA LPARENSPACE binds RPAREN . COLON expr RPAREN  (56)

	COLON  shift 149
	.  error


state 138
	binop_operand : LPARENNOSPACE LAMBDA LPARENNOSPACE binds RPAREN . COLON expr RPAREN  (55)

	COLON  shift 150
	.  error


state 139
	binop_operand : LPARENNOSPACE LAMBDA COLON expr RPAREN .  (57)

	.  reduce 57


state 140
	tuple_expr : LPARENNOSPACE expr COMMA exprs RPAREN .  (32)

	.  reduce 32


state 141
	expr : LET REC namebindings IN expr .  (21)

	.  reduce 21


state 142
	namebindings : namebind EQUAL expr .  (18)
	namebindings : namebind EQUAL expr . COMMA namebindings  (19)

	COMMA  shift 151
	IN  reduce 18


state 143
	bindings : bind EQUAL expr COMMA . bindings  (17)

	ID  shift 47
	LPARENSPACE  shift 48
	LPARENNOSPACE  shift 49
	SHADOW  shift 50
	UNDERSCORE  shift 52
	.  error

	bindings  goto 152
	bind  goto 54
	namebind  goto 55
	blankbind  goto 56


state 144
	expr : IF expr COLON expr ELSECOLON . expr  (22)

	NUM  shift 11
	ID  shift 12
	ADD1  shift 13
	SUB1  shift 14
	LPARENSPACE  shift 15
	LPARENNOSPACE  shift 16
	LET  shift 17
	IF  shift 18
	PRINT  shift 19
	PRINTSTACK  shift 20
	TRUE  shift 21
	FALSE  shift 22
	ISBOOL  shift 23
	ISNUM  shift 24
	ISTUPLE  shift 25
	NOT  shift 26
	NIL  shift 27
	BEGIN  shift 28
	THREAD  shift 29
	GET  shift 30
	START  shift 31
	.  error

	const  goto 32
	prim1  goto 33
	expr  goto 153
	binop_expr  goto 35
	tuple_expr  goto 36
	id  goto 37
	binop_operand  goto 38


state 145
	exprs : expr COMMA exprs .  (27)

	.  reduce 27


state 146
	decl : DEF ID LPARENNOSPACE binds RPAREN COLON expr .  (64)

	.  reduce 64


state 147
	binop_operand : LPARENSPACE LAMBDA LPARENSPACE binds RPAREN COLON . expr RPAREN  (59)

	NUM  shift 11
	ID  shift 12
	ADD1  shift 13
	SUB1  shift 14
	LPARENSPACE  shift 15
	LPARENNOSPACE  shift 16
	LET  shift 17
	IF  shift 18
	PRINT  shift 19
	PRINTSTACK  shift 20
	TRUE  shift 21
	FALSE  shift 22
	ISBOOL  shift 23
	ISNUM  shift 24
	ISTUPLE  shift 25
	NOT  shift 26
	NIL  shift 27
	BEGIN  shift 28
	THREAD  shift 29
	GET  shift 30
	START  shift 31
	.  error

	const  goto 32
	prim1  goto 33
	expr  goto 154
	binop_expr  goto 35
	tuple_expr  goto 36
	id  goto 37
	binop_operand  goto 38


state 148
	binop_operand : LPARENSPACE LAMBDA LPARENNOSPACE binds RPAREN COLON . expr RPAREN  (58)

	NUM  shift 11
	ID  shift 12
	ADD1  shift 13
	SUB1  shift 14
	LPARENSPACE  shift 15
	LPARENNOSPACE  shift 16
	LET  shift 17
	IF  shift 18
	PRINT  shift 19
	PRINTSTACK  shift 20
	TRUE  shift 21
	FALSE  shift 22
	ISBOOL  shift 23
	ISNUM  shift 24
	ISTUPLE  shift 25
	NOT  shift 26
	NIL  shift 27
	BEGIN  shift 28
	THREAD  shift 29
	GET  shift 30
	START  shift 31
	.  error

	const  goto 32
	prim1  goto 33
	expr  goto 155
	binop_expr  goto 35
	tuple_expr  goto 36
	id  goto 37
	binop_operand  goto 38


state 149
	binop_operand : LPARENNOSPACE LAMBDA LPARENSPACE binds RPAREN COLON . expr RPAREN  (56)

	NUM  shift 11
	ID  shift 12
	ADD1  shift 13
	SUB1  shift 14
	LPARENSPACE  shift 15
	LPARENNOSPACE  shift 16
	LET  shift 17
	IF  shift 18
	PRINT  shift 19
	PRINTSTACK  shift 20
	TRUE  shift 21
	FALSE  shift 22
	ISBOOL  shift 23
	ISNUM  shift 24
	ISTUPLE  shift 25
	NOT  shift 26
	NIL  shift 27
	BEGIN  shift 28
	THREAD  shift 29
	GET  shift 30
	START  shift 31
	.  error

	const  goto 32
	prim1  goto 33
	expr  goto 156
	binop_expr  goto 35
	tuple_expr  goto 36
	id  goto 37
	binop_operand  goto 38


state 150
	binop_operand : LPARENNOSPACE LAMBDA LPARENNOSPACE binds RPAREN COLON . expr RPAREN  (55)

	NUM  shift 11
	ID  shift 12
	ADD1  shift 13
	SUB1  shift 14
	LPARENSPACE  shift 15
	LPARENNOSPACE  shift 16
	LET  shift 17
	IF  shift 18
	PRINT  shift 19
	PRINTSTACK  shift 20
	TRUE  shift 21
	FALSE  shift 22
	ISBOOL  shift 23
	ISNUM  shift 24
	ISTUPLE  shift 25
	NOT  shift 26
	NIL  shift 27
	BEGIN  shift 28
	THREAD  shift 29
	GET  shift 30
	START  shift 31
	.  error

	const  goto 32
	prim1  goto 33
	expr  goto 157
	binop_expr  goto 35
	tuple_expr  goto 36
	id  goto 37
	binop_operand  goto 38


state 151
	namebindings : namebind EQUAL expr COMMA . namebindings  (19)

	ID  shift 47
	SHADOW  shift 50
	.  error

	namebindings  goto 158
	namebind  goto 93


state 152
	bindings : bind EQUAL expr COMMA bindings .  (17)

	.  reduce 17


state 153
	expr : IF expr COLON expr ELSECOLON expr .  (22)

	.  reduce 22


state 154
	binop_operand : LPARENSPACE LAMBDA LPARENSPACE binds RPAREN COLON expr . RPAREN  (59)

	RPAREN  shift 159
	.  error


state 155
	binop_operand : LPARENSPACE LAMBDA LPARENNOSPACE binds RPAREN COLON expr . RPAREN  (58)

	RPAREN  shift 160
	.  error


state 156
	binop_operand : LPARENNOSPACE LAMBDA LPARENSPACE binds RPAREN COLON expr . RPAREN  (56)

	RPAREN  shift 161
	.  error


state 157
	binop_operand : LPARENNOSPACE LAMBDA LPARENNOSPACE binds RPAREN COLON expr . RPAREN  (55)

	RPAREN  shift 162
	.  error


state 158
	namebindings : namebind EQUAL expr COMMA namebindings .  (19)

	.  reduce 19


state 159
	binop_operand : LPARENSPACE LAMBDA LPARENSPACE binds RPAREN COLON expr RPAREN .  (59)

	.  reduce 59


state 160
	binop_operand : LPARENSPACE LAMBDA LPARENNOSPACE binds RPAREN COLON expr RPAREN .  (58)

	.  reduce 58


state 161
	binop_operand : LPARENNOSPACE LAMBDA LPARENSPACE binds RPAREN COLON expr RPAREN .  (56)

	.  reduce 56


state 162
	binop_operand : LPARENNOSPACE LAMBDA LPARENNOSPACE binds RPAREN COLON expr RPAREN .  (55)

	.  reduce 55


52 terminals, 21 nonterminals
80 grammar rules, 163 states
